[2025-09-05 22:19:15,226] INFO - loading data...
[2025-09-05 22:19:21,003] INFO - Data loaded successfully.
[2025-09-05 22:22:41,207] INFO - loading data...
[2025-09-05 22:22:45,411] INFO - Data loaded successfully.
[2025-09-05 22:22:52,472] INFO - Recommending movies for '20 Dates'
[2025-09-05 22:22:52,518] INFO - Top 6 recommendations ready.
[2025-09-05 22:27:11,810] INFO - loading data...
[2025-09-05 22:27:16,163] INFO - Data loaded successfully.
[2025-09-05 22:31:51,460] INFO - loading data...
[2025-09-05 22:31:55,786] INFO - Data loaded successfully.
[2025-09-05 22:32:11,495] INFO - Recommending movies for 'A Nightmare on Elm Street Part 2: Freddy's Revenge'
[2025-09-05 22:32:11,567] INFO - Top 10 recommendations ready.
[2025-09-05 22:32:58,433] INFO - loading data...
[2025-09-05 22:33:02,650] INFO - Data loaded successfully.
[2025-09-05 22:36:22,023] INFO - loading data...
[2025-09-05 22:36:26,298] INFO - Data loaded successfully.
[2025-09-05 22:36:39,118] INFO - Recommending movies for '(500) Days of Summer'
[2025-09-05 22:36:39,166] INFO - Top 10 recommendations ready.
[2025-09-05 22:40:39,815] INFO - loading data...
[2025-09-05 22:40:44,165] INFO - Data loaded successfully.
[2025-09-05 22:41:04,666] INFO - Recommending movies for 'The Avengers'
[2025-09-05 22:41:04,698] INFO - Top 10 recommendations ready.
[2025-09-05 22:42:35,710] INFO - loading data...
[2025-09-05 22:42:39,894] INFO - Data loaded successfully.
[2025-09-05 22:43:13,328] INFO - loading data...
[2025-09-05 22:43:17,332] INFO - Data loaded successfully.
[2025-09-05 22:44:29,573] INFO - loading data...
[2025-09-05 22:44:33,826] INFO - Data loaded successfully.
[2025-09-05 22:46:52,909] INFO - loading data...
[2025-09-05 22:46:53,408] INFO - Data loaded successfully.
[2025-09-05 22:51:37,648] INFO - loading data...
[2025-09-05 22:51:41,900] INFO - Data loaded successfully.
[2025-09-05 22:53:38,108] INFO - loading data...
[2025-09-05 22:53:42,460] INFO - Data loaded successfully.
[2025-09-05 22:54:37,057] INFO - loading data...
[2025-09-05 22:54:41,202] INFO - Data loaded successfully.
[2025-09-05 22:55:07,463] INFO - loading data...
[2025-09-05 22:55:11,191] INFO - Data loaded successfully.
[2025-09-05 22:55:39,552] INFO - Recommending movies for 'Iron Man'
[2025-09-05 22:55:39,608] INFO - Top 10 recommendations ready.
[2025-09-05 22:58:03,565] INFO - loading data...
[2025-09-05 22:58:07,837] INFO - Data loaded successfully.
[2025-09-05 22:59:15,449] INFO - loading data...
[2025-09-05 22:59:19,649] INFO - Data loaded successfully.
[2025-09-05 23:03:06,268] INFO - loading data...
[2025-09-05 23:03:11,524] INFO - Data loaded successfully.
[2025-09-05 23:05:31,185] INFO - loading data...
[2025-09-05 23:05:35,517] INFO - Data loaded successfully.
[2025-09-05 23:06:01,441] INFO - Recommending movies for 'Toy Story'
[2025-09-05 23:06:01,482] INFO - Top 10 recommendations ready.
[2025-09-05 23:09:45,869] INFO - loading data...
[2025-09-05 23:09:49,986] INFO - Data loaded successfully.
[2025-09-05 23:10:08,983] INFO - Recommending movies for 'Toy Story'
[2025-09-05 23:10:08,997] INFO - Top 10 recommendations ready.
[2025-09-05 23:11:09,701] INFO - loading data...
[2025-09-05 23:11:12,627] INFO - Data loaded successfully.
[2025-09-05 23:12:04,582] INFO - Recommending movies for 'Zombieland'
[2025-09-05 23:12:04,598] INFO - Top 10 recommendations ready.
[2025-09-05 23:13:50,313] INFO - loading data...
[2025-09-05 23:13:54,486] INFO - Data loaded successfully.
[2025-09-05 23:16:45,100] INFO - Recommending movies for 'Kung Fu Panda'
[2025-09-05 23:16:45,135] INFO - Top 10 recommendations ready.
[2025-09-05 23:18:39,348] INFO - loading data...
[2025-09-05 23:18:43,913] INFO - Data loaded successfully.
[2025-09-06 13:07:40,303] INFO - loading data...
[2025-09-06 13:07:46,072] INFO - Data loaded successfully.
[2025-09-06 13:08:35,057] INFO - loading data...
[2025-09-06 13:08:39,095] INFO - Data loaded successfully.
[2025-09-06 13:09:47,004] INFO - Recommending movies for 'Cars'
[2025-09-06 13:09:47,028] INFO - Top 10 recommendations ready.
[2025-09-06 13:11:17,250] INFO - loading data...
[2025-09-06 13:11:21,611] INFO - Data loaded successfully.
[2025-09-06 13:12:02,667] INFO - loading data...
[2025-09-06 13:12:06,980] INFO - Data loaded successfully.
[2025-09-06 13:12:26,472] INFO - Recommending movies for 'Johnny English'
[2025-09-06 13:12:26,487] INFO - Top 10 recommendations ready.
[2025-09-06 13:13:18,323] INFO - loading data...
[2025-09-06 13:13:22,921] INFO - Data loaded successfully.
[2025-09-06 13:13:54,026] INFO - Recommending movies for 'Batman & Robin'
[2025-09-06 13:13:54,037] INFO - Top 10 recommendations ready.
[2025-09-06 13:15:48,851] INFO - loading data...
[2025-09-06 13:15:53,093] INFO - Data loaded successfully.
[2025-09-06 13:15:56,063] INFO - Recommending movies for 'Batman & Robin'
[2025-09-06 13:15:56,079] INFO - Top 10 recommendations ready.
[2025-09-06 13:17:09,809] INFO - loading data...
[2025-09-06 13:17:14,003] INFO - Data loaded successfully.
[2025-09-06 13:17:17,209] INFO - Recommending movies for 'Batman & Robin'
[2025-09-06 13:17:17,226] INFO - Top 10 recommendations ready.
[2025-09-06 13:18:31,361] INFO - loading data...
[2025-09-06 13:18:35,574] INFO - Data loaded successfully.
[2025-09-06 13:18:38,144] INFO - loading data...
[2025-09-06 13:18:42,443] INFO - Data loaded successfully.
[2025-09-06 13:18:44,627] INFO - Recommending movies for 'Batman & Robin'
[2025-09-06 13:18:44,655] INFO - Top 10 recommendations ready.
[2025-09-06 13:21:50,805] INFO - loading data...
[2025-09-06 13:21:55,027] INFO - Data loaded successfully.
[2025-09-06 13:22:30,616] INFO - loading data...
[2025-09-06 13:22:34,421] INFO - Data loaded successfully.
[2025-09-06 13:22:56,521] INFO - loading data...
[2025-09-06 13:23:00,891] INFO - Data loaded successfully.
[2025-09-06 13:23:00,907] INFO - loading data...
[2025-09-06 13:23:04,081] INFO - Data loaded successfully.
[2025-09-06 13:23:16,699] INFO - loading data...
[2025-09-06 13:23:17,544] INFO - Data loaded successfully.
[2025-09-06 13:23:25,386] INFO - loading data...
[2025-09-06 13:23:25,993] INFO - Data loaded successfully.
[2025-09-06 13:23:49,097] INFO - Recommending movies for 'Batman & Robin'
[2025-09-06 13:23:49,115] INFO - Top 10 recommendations ready.
[2025-09-06 13:24:45,917] INFO - loading data...
[2025-09-06 13:24:50,280] INFO - Data loaded successfully.
[2025-09-06 13:24:50,285] INFO - loading data...
[2025-09-06 13:24:55,374] INFO - Data loaded successfully.
[2025-09-06 13:24:58,019] INFO - Recommending movies for 'Batman & Robin'
[2025-09-06 13:24:58,055] INFO - Top 10 recommendations ready.
[2025-09-06 13:25:10,291] INFO - loading data...
[2025-09-06 13:25:14,497] INFO - Data loaded successfully.
[2025-09-06 13:25:28,103] INFO - Recommending movies for 'Batman v Superman: Dawn of Justice'
[2025-09-06 13:25:28,111] INFO - Top 10 recommendations ready.
